<?xml version="1.0" encoding="UTF-8"?>
<!-- Generated by org.testng.reporters.JUnitReportReporter -->
<testsuite hostname="Rohit" failures="0" tests="1" name="cucumber.TestNGTestRunner" time="8.210" errors="0" timestamp="19 Feb 2025 10:16:31 GMT" skipped="0">
  <testcase classname="cucumber.TestNGTestRunner" name="runScenario" time="8.210"/>
</testsuite> <!-- cucumber.TestNGTestRunner -->
