<?xml version="1.0" encoding="UTF-8"?>
<!-- Generated by org.testng.reporters.JUnitReportReporter -->
<testsuite hostname="Rohit" failures="0" tests="2" name="rahulshettyacademy.tests.ErrorValidationsTest" time="15.584" errors="0" timestamp="19 Feb 2025 13:42:04 GMT" skipped="0">
  <testcase classname="rahulshettyacademy.tests.ErrorValidationsTest" name="LoginErrorValidation" time="7.019"/>
  <testcase classname="rahulshettyacademy.tests.ErrorValidationsTest" name="ProductErrorValidation" time="8.565"/>
</testsuite> <!-- rahulshettyacademy.tests.ErrorValidationsTest -->
